{
  "uid" : "952136d9da543374",
  "name" : "test_if_main_page_loads",
  "fullName" : "tests.test_dummy#test_if_main_page_loads",
  "historyId" : "d0e972bd941169d23f3754fde5d4e4a0",
  "time" : {
    "start" : 1652786521085,
    "stop" : 1652786522560,
    "duration" : 1475
  },
  "description" : "\n    Wait for docker container to load\n    ",
  "descriptionHtml" : "<pre><code>Wait for docker container to load\n</code></pre>\n",
  "status" : "broken",
  "statusMessage" : "NameError: name 'browser' is not defined",
  "statusTrace" : "def test_if_main_page_loads():\n        \"\"\"\n        Wait for docker container to load\n        \"\"\"\n        with allure.step(f\"open conduit and take screenshot after main page loaded\"):\n            try:\n                driver = webdriver.Chrome(\n                    ChromeDriverManager().install(), options=chrome_options\n                )\n                driver.get(URL)\n                allure.attach(\n>                   browser.get_screenshot_as_png(),\n                    name=\"Screenshot_before_wait\",\n                    attachment_type=AttachmentType.PNG,\n                )\nE               NameError: name 'browser' is not defined\n\ntests/test_dummy.py:36: NameError\n\nDuring handling of the above exception, another exception occurred:\n\n    def test_if_main_page_loads():\n        \"\"\"\n        Wait for docker container to load\n        \"\"\"\n        with allure.step(f\"open conduit and take screenshot after main page loaded\"):\n            try:\n                driver = webdriver.Chrome(\n                    ChromeDriverManager().install(), options=chrome_options\n                )\n                driver.get(URL)\n                allure.attach(\n                    browser.get_screenshot_as_png(),\n                    name=\"Screenshot_before_wait\",\n                    attachment_type=AttachmentType.PNG,\n                )\n                element = WebDriverWait(driver, timeout=120, poll_frequency=5, ignored_exceptions=[TimeoutException]).until(\n                    EC.presence_of_element_located((By.CLASS_NAME, \"logo-font\"))\n                )\n                allure.attach(\n                    driver.get_screenshot_as_png(),\n                    name=f\"main_page\",\n                    attachment_type=AttachmentType.PNG,\n                )\n            except:\n                allure.attach(\n>                   browser.get_screenshot_as_png(),\n                    name=\"Screenshot_after_wait_exception\",\n                    attachment_type=AttachmentType.PNG,\n                )\nE               NameError: name 'browser' is not defined\n\ntests/test_dummy.py:50: NameError",
  "flaky" : false,
  "newFailed" : false,
  "beforeStages" : [ ],
  "testStage" : {
    "description" : "\n    Wait for docker container to load\n    ",
    "status" : "broken",
    "statusMessage" : "NameError: name 'browser' is not defined",
    "statusTrace" : "def test_if_main_page_loads():\n        \"\"\"\n        Wait for docker container to load\n        \"\"\"\n        with allure.step(f\"open conduit and take screenshot after main page loaded\"):\n            try:\n                driver = webdriver.Chrome(\n                    ChromeDriverManager().install(), options=chrome_options\n                )\n                driver.get(URL)\n                allure.attach(\n>                   browser.get_screenshot_as_png(),\n                    name=\"Screenshot_before_wait\",\n                    attachment_type=AttachmentType.PNG,\n                )\nE               NameError: name 'browser' is not defined\n\ntests/test_dummy.py:36: NameError\n\nDuring handling of the above exception, another exception occurred:\n\n    def test_if_main_page_loads():\n        \"\"\"\n        Wait for docker container to load\n        \"\"\"\n        with allure.step(f\"open conduit and take screenshot after main page loaded\"):\n            try:\n                driver = webdriver.Chrome(\n                    ChromeDriverManager().install(), options=chrome_options\n                )\n                driver.get(URL)\n                allure.attach(\n                    browser.get_screenshot_as_png(),\n                    name=\"Screenshot_before_wait\",\n                    attachment_type=AttachmentType.PNG,\n                )\n                element = WebDriverWait(driver, timeout=120, poll_frequency=5, ignored_exceptions=[TimeoutException]).until(\n                    EC.presence_of_element_located((By.CLASS_NAME, \"logo-font\"))\n                )\n                allure.attach(\n                    driver.get_screenshot_as_png(),\n                    name=f\"main_page\",\n                    attachment_type=AttachmentType.PNG,\n                )\n            except:\n                allure.attach(\n>                   browser.get_screenshot_as_png(),\n                    name=\"Screenshot_after_wait_exception\",\n                    attachment_type=AttachmentType.PNG,\n                )\nE               NameError: name 'browser' is not defined\n\ntests/test_dummy.py:50: NameError",
    "steps" : [ {
      "name" : "open conduit and take screenshot after main page loaded",
      "time" : {
        "start" : 1652786521085,
        "stop" : 1652786522559,
        "duration" : 1474
      },
      "status" : "broken",
      "statusMessage" : "NameError: name 'browser' is not defined\n",
      "statusTrace" : "  File \"/home/runner/work/conduit/conduit/tests/test_dummy.py\", line 50, in test_if_main_page_loads\n    browser.get_screenshot_as_png(),\n",
      "steps" : [ ],
      "attachments" : [ ],
      "parameters" : [ ],
      "stepsCount" : 0,
      "attachmentsCount" : 0,
      "shouldDisplayMessage" : true,
      "hasContent" : true
    } ],
    "attachments" : [ {
      "uid" : "ec6e7066ebbda1db",
      "name" : "log",
      "source" : "ec6e7066ebbda1db.txt",
      "type" : "text/plain",
      "size" : 599
    }, {
      "uid" : "35b5a9ce319440b1",
      "name" : "stderr",
      "source" : "35b5a9ce319440b1.txt",
      "type" : "text/plain",
      "size" : 418
    } ],
    "parameters" : [ ],
    "stepsCount" : 1,
    "attachmentsCount" : 2,
    "shouldDisplayMessage" : true,
    "hasContent" : true
  },
  "afterStages" : [ ],
  "labels" : [ {
    "name" : "parentSuite",
    "value" : "tests"
  }, {
    "name" : "suite",
    "value" : "test_dummy"
  }, {
    "name" : "host",
    "value" : "fv-az201-315"
  }, {
    "name" : "thread",
    "value" : "3201-MainThread"
  }, {
    "name" : "framework",
    "value" : "pytest"
  }, {
    "name" : "language",
    "value" : "cpython3"
  }, {
    "name" : "package",
    "value" : "tests.test_dummy"
  }, {
    "name" : "resultFormat",
    "value" : "allure2"
  } ],
  "parameters" : [ ],
  "links" : [ ],
  "hidden" : false,
  "retry" : false,
  "extra" : {
    "severity" : "normal",
    "retries" : [ ],
    "categories" : [ {
      "name" : "Test defects",
      "matchedStatuses" : [ ],
      "flaky" : false
    } ],
    "history" : {
      "statistic" : {
        "failed" : 0,
        "broken" : 6,
        "skipped" : 1,
        "passed" : 5,
        "unknown" : 0,
        "total" : 12
      },
      "items" : [ {
        "uid" : "713b576537cb2e59",
        "reportUrl" : "https://eff917.github.io/conduit/33//#testresult/713b576537cb2e59",
        "status" : "skipped",
        "statusDetails" : "Skipped: fluent wait always runs onto TimeoutException",
        "time" : {
          "start" : 1652786105928,
          "stop" : 1652786105928,
          "duration" : 0
        }
      }, {
        "uid" : "ec731f10060260c6",
        "reportUrl" : "https://eff917.github.io/conduit/32//#testresult/ec731f10060260c6",
        "status" : "broken",
        "statusDetails" : "selenium.common.exceptions.TimeoutException: Message:",
        "time" : {
          "start" : 1652785648315,
          "stop" : 1652785776236,
          "duration" : 127921
        }
      }, {
        "uid" : "e7e73f737f4bece0",
        "reportUrl" : "https://eff917.github.io/conduit/30//#testresult/e7e73f737f4bece0",
        "status" : "broken",
        "statusDetails" : "selenium.common.exceptions.TimeoutException: Message:",
        "time" : {
          "start" : 1652784580945,
          "stop" : 1652784703442,
          "duration" : 122497
        }
      }, {
        "uid" : "2cf16fe82b30990a",
        "reportUrl" : "https://eff917.github.io/conduit/30//#testresult/2cf16fe82b30990a",
        "status" : "broken",
        "statusDetails" : "selenium.common.exceptions.TimeoutException: Message:",
        "time" : {
          "start" : 1652778661996,
          "stop" : 1652778784872,
          "duration" : 122876
        }
      }, {
        "uid" : "425b968aab964fb8",
        "reportUrl" : "https://eff917.github.io/conduit/29//#testresult/425b968aab964fb8",
        "status" : "passed",
        "time" : {
          "start" : 1652778388443,
          "stop" : 1652778390887,
          "duration" : 2444
        }
      }, {
        "uid" : "9a5a152ddf2548e9",
        "reportUrl" : "https://eff917.github.io/conduit/28//#testresult/9a5a152ddf2548e9",
        "status" : "broken",
        "statusDetails" : "selenium.common.exceptions.TimeoutException: Message:",
        "time" : {
          "start" : 1652745428229,
          "stop" : 1652745551197,
          "duration" : 122968
        }
      }, {
        "uid" : "7a94fe3e6e4837d5",
        "reportUrl" : "https://eff917.github.io/conduit/27//#testresult/7a94fe3e6e4837d5",
        "status" : "broken",
        "statusDetails" : "selenium.common.exceptions.TimeoutException: Message:",
        "time" : {
          "start" : 1652741071728,
          "stop" : 1652741144359,
          "duration" : 72631
        }
      }, {
        "uid" : "1b48af29bbb33fe4",
        "reportUrl" : "https://eff917.github.io/conduit/25//#testresult/1b48af29bbb33fe4",
        "status" : "passed",
        "time" : {
          "start" : 1652739880580,
          "stop" : 1652739953054,
          "duration" : 72474
        }
      }, {
        "uid" : "e028412bd2c60bea",
        "reportUrl" : "https://eff917.github.io/conduit/24//#testresult/e028412bd2c60bea",
        "status" : "passed",
        "time" : {
          "start" : 1652739048162,
          "stop" : 1652739090736,
          "duration" : 42574
        }
      }, {
        "uid" : "28519f48adef800f",
        "reportUrl" : "https://eff917.github.io/conduit/23//#testresult/28519f48adef800f",
        "status" : "passed",
        "time" : {
          "start" : 1652737381913,
          "stop" : 1652737414341,
          "duration" : 32428
        }
      }, {
        "uid" : "fc12d555d70b2b29",
        "reportUrl" : "https://eff917.github.io/conduit/22//#testresult/fc12d555d70b2b29",
        "status" : "passed",
        "time" : {
          "start" : 1652736734862,
          "stop" : 1652736736937,
          "duration" : 2075
        }
      } ]
    },
    "tags" : [ ]
  },
  "source" : "952136d9da543374.json",
  "parameterValues" : [ ]
}