{"uid":"348e3b58d4fb2172","name":"test_invalid_login[Invalid password]","fullName":"tests.test_04_login#test_invalid_login","historyId":"22d22059508d0ff6fab15ec0a54364fa","time":{"start":1655218083818,"stop":1655218085854,"duration":2036},"description":"\n    Test invalid login\n    ","descriptionHtml":"<pre><code>Test invalid login\n</code></pre>\n","status":"failed","statusMessage":"AssertionError: assert 'Logging you ...lease wait...' == 'Invalid user credentials.'\n  - Invalid user credentials.\n  + Logging you in... Please wait...","statusTrace":"driver = <selenium.webdriver.chrome.webdriver.WebDriver (session=\"564f6e60ef54c7909aac74012fc40e1c\")>\nemail = 'testuser1@example.com', password = 'asdf'\nexpected_message = 'Invalid user credentials.'\n\n    @pytest.mark.parametrize(\n        \"email, password, expected_message\",\n        [\n            (\"\", \"\", \"Email field required.\"),\n            (\"\", \"asdf\", \"Email field required.\"),\n            (\"testuser1@example.com\", \"\", \"Password field required.\"),\n            (\"testuser1@example.com\", \"asdf\", \"Invalid user credentials.\"),\n            (\"invalidmail\", \"Userpass1\", \"Email must be a valid email.\"),\n            (\"user32@hotmail.com\", \"Userpass1\", \"Invalid user credentials.\"),\n        ],\n        ids=[\n            \"Empty fields\",\n            \"Empty email\",\n            \"Empty password\",\n            \"Invalid password\",\n            \"Invalid email format\",\n            \"Not registered email\"\n        ]\n    )\n    def test_invalid_login(driver, email, password, expected_message):\n        \"\"\"\n        Test invalid login\n        \"\"\"\n        with allure.step(f\"test login\"):\n            driver.get(URL)\n            login_link = driver.find_element_by_xpath('//a[@href=\"#/login\"]')\n            login_link.click()\n            take_screenshot(driver, \"login_page\")\n            login_email_field = driver.find_element_by_xpath('//input[@placeholder=\"Email\"]')\n            login_password_field = driver.find_element_by_xpath('//input[@placeholder=\"Password\"]')\n            login_button = driver.find_element_by_xpath('//button[contains(text(), \"Sign in\")]')\n            login_email_field.send_keys(email)\n            login_password_field.send_keys(password)\n            take_screenshot(driver, \"login_page_after_fill\")\n            login_button.click()\n            # sleep one second to wait for animation to end\n            sleep(1)\n            take_screenshot(driver, \"after_login\")\n            error_message = driver.find_element_by_xpath('//div[@class=\"swal-text\"]')\n>           assert error_message.text == expected_message\nE           AssertionError: assert 'Logging you ...lease wait...' == 'Invalid user credentials.'\nE             - Invalid user credentials.\nE             + Logging you in... Please wait...\n\ntests/test_04_login.py:52: AssertionError","flaky":false,"newFailed":true,"newBroken":false,"newPassed":false,"retriesCount":0,"retriesStatusChange":false,"beforeStages":[{"name":"driver","time":{"start":1655218075935,"stop":1655218077228,"duration":1293},"status":"passed","steps":[],"attachments":[],"parameters":[],"stepsCount":0,"attachmentsCount":0,"shouldDisplayMessage":false,"hasContent":false}],"testStage":{"description":"\n    Test invalid login\n    ","status":"failed","statusMessage":"AssertionError: assert 'Logging you ...lease wait...' == 'Invalid user credentials.'\n  - Invalid user credentials.\n  + Logging you in... Please wait...","statusTrace":"driver = <selenium.webdriver.chrome.webdriver.WebDriver (session=\"564f6e60ef54c7909aac74012fc40e1c\")>\nemail = 'testuser1@example.com', password = 'asdf'\nexpected_message = 'Invalid user credentials.'\n\n    @pytest.mark.parametrize(\n        \"email, password, expected_message\",\n        [\n            (\"\", \"\", \"Email field required.\"),\n            (\"\", \"asdf\", \"Email field required.\"),\n            (\"testuser1@example.com\", \"\", \"Password field required.\"),\n            (\"testuser1@example.com\", \"asdf\", \"Invalid user credentials.\"),\n            (\"invalidmail\", \"Userpass1\", \"Email must be a valid email.\"),\n            (\"user32@hotmail.com\", \"Userpass1\", \"Invalid user credentials.\"),\n        ],\n        ids=[\n            \"Empty fields\",\n            \"Empty email\",\n            \"Empty password\",\n            \"Invalid password\",\n            \"Invalid email format\",\n            \"Not registered email\"\n        ]\n    )\n    def test_invalid_login(driver, email, password, expected_message):\n        \"\"\"\n        Test invalid login\n        \"\"\"\n        with allure.step(f\"test login\"):\n            driver.get(URL)\n            login_link = driver.find_element_by_xpath('//a[@href=\"#/login\"]')\n            login_link.click()\n            take_screenshot(driver, \"login_page\")\n            login_email_field = driver.find_element_by_xpath('//input[@placeholder=\"Email\"]')\n            login_password_field = driver.find_element_by_xpath('//input[@placeholder=\"Password\"]')\n            login_button = driver.find_element_by_xpath('//button[contains(text(), \"Sign in\")]')\n            login_email_field.send_keys(email)\n            login_password_field.send_keys(password)\n            take_screenshot(driver, \"login_page_after_fill\")\n            login_button.click()\n            # sleep one second to wait for animation to end\n            sleep(1)\n            take_screenshot(driver, \"after_login\")\n            error_message = driver.find_element_by_xpath('//div[@class=\"swal-text\"]')\n>           assert error_message.text == expected_message\nE           AssertionError: assert 'Logging you ...lease wait...' == 'Invalid user credentials.'\nE             - Invalid user credentials.\nE             + Logging you in... Please wait...\n\ntests/test_04_login.py:52: AssertionError","steps":[{"name":"test login","time":{"start":1655218083818,"stop":1655218085854,"duration":2036},"status":"failed","statusMessage":"AssertionError: assert 'Logging you ...lease wait...' == 'Invalid user credentials.'\n  - Invalid user credentials.\n  + Logging you in... Please wait...\n","statusTrace":"  File \"/home/runner/work/conduit/conduit/tests/test_04_login.py\", line 52, in test_invalid_login\n    assert error_message.text == expected_message\n","steps":[],"attachments":[{"uid":"bb9f5c5357e79a90","name":"login_page","source":"bb9f5c5357e79a90.png","type":"image/png","size":35486},{"uid":"4c18c8d0081b07d2","name":"login_page_after_fill","source":"4c18c8d0081b07d2.png","type":"image/png","size":36828},{"uid":"7c6d04723ebe367c","name":"after_login","source":"7c6d04723ebe367c.png","type":"image/png","size":40203}],"parameters":[],"stepsCount":0,"attachmentsCount":3,"shouldDisplayMessage":true,"hasContent":true}],"attachments":[],"parameters":[],"stepsCount":1,"attachmentsCount":3,"shouldDisplayMessage":true,"hasContent":true},"afterStages":[{"name":"driver::0","time":{"start":1655218090057,"stop":1655218090113,"duration":56},"status":"passed","steps":[],"attachments":[],"parameters":[],"stepsCount":0,"attachmentsCount":0,"shouldDisplayMessage":false,"hasContent":false}],"labels":[{"name":"parentSuite","value":"tests"},{"name":"suite","value":"test_04_login"},{"name":"host","value":"fv-az445-178"},{"name":"thread","value":"3232-MainThread"},{"name":"framework","value":"pytest"},{"name":"language","value":"cpython3"},{"name":"package","value":"tests.test_04_login"},{"name":"resultFormat","value":"allure2"}],"parameters":[{"name":"email","value":"'testuser1@example.com'"},{"name":"expected_message","value":"'Invalid user credentials.'"},{"name":"password","value":"'asdf'"}],"links":[],"hidden":false,"retry":false,"extra":{"severity":"normal","retries":[],"categories":[{"name":"Product defects","matchedStatuses":[],"flaky":false}],"history":{"statistic":{"failed":1,"broken":1,"skipped":0,"passed":1,"unknown":0,"total":3},"items":[{"uid":"f2f96916894509a9","reportUrl":"https://eff917.github.io/conduit/67//#testresult/f2f96916894509a9","status":"broken","statusDetails":"selenium.common.exceptions.StaleElementReferenceException: Message: stale element reference: element is not attached to the page document\n  (Session info: headless chrome=102.0.5005.61)","time":{"start":1655217621544,"stop":1655217623650,"duration":2106}},{"uid":"ac41af98adb516b4","reportUrl":"https://eff917.github.io/conduit/66//#testresult/ac41af98adb516b4","status":"passed","time":{"start":1655217262490,"stop":1655217264319,"duration":1829}}]},"tags":[]},"source":"348e3b58d4fb2172.json","parameterValues":["'testuser1@example.com'","'Invalid user credentials.'","'asdf'"]}